"C:\Program Files\JetBrains\CLion 2019.2.1\bin\cmake\win\bin\cmake.exe" -DCMAKE_BUILD_TYPE=Debug -G "CodeBlocks - NMake Makefiles" C:\Users\ohadelyahu\Documents\לימודים\עבודות\SPL\טוויטר\Client
-- The C compiler identification is MSVC 19.16.27027.1
-- The CXX compiler identification is MSVC 19.16.27027.1
-- Check for working C compiler: C:/Program Files (x86)/Microsoft Visual Studio/2017/BuildTools/VC/Tools/MSVC/14.16.27023/bin/Hostx86/x86/cl.exe
-- Check for working C compiler: C:/Program Files (x86)/Microsoft Visual Studio/2017/BuildTools/VC/Tools/MSVC/14.16.27023/bin/Hostx86/x86/cl.exe -- broken
CMake Error at C:/Program Files/JetBrains/CLion 2019.2.1/bin/cmake/win/share/cmake-3.14/Modules/CMakeTestCCompiler.cmake:60 (message):
  The C compiler

    "C:/Program Files (x86)/Microsoft Visual Studio/2017/BuildTools/VC/Tools/MSVC/14.16.27023/bin/Hostx86/x86/cl.exe"

  is not able to compile a simple test program.

  It fails with the following output:

    Change Dir: C:/Users/ohadelyahu/Documents/׳�׳™׳�׳•׳“׳™׳�/׳¢׳‘׳•׳“׳•׳×/SPL/׳˜׳•׳•׳™׳˜׳¨/Client/cmake-build-debug/CMakeFiles/CMakeTmp
    
    Run Build Command(s):nmake /nologo cmTC_b6250\fast 
    	"C:\Program Files (x86)\Microsoft Visual Studio\2017\BuildTools\VC\Tools\MSVC\14.16.27023\bin\HostX86\x86\nmake.exe" -f CMakeFiles\cmTC_b6250.dir\build.make /nologo -L                  CMakeFiles\cmTC_b6250.dir\build
    Building C object CMakeFiles/cmTC_b6250.dir/testCCompiler.c.obj
    	"C:\PROGRA~2\Microsoft Visual Studio\2017\BuildTools\VC\Tools\MSVC\14.16.27023\bin\Hostx86\x86\cl.exe" @C:\Users\OHADEL~1\AppData\Local\Temp\nm9587.tmp
    testCCompiler.c
    Linking C executable cmTC_b6250.exe
    	"C:\Program Files\JetBrains\CLion 2019.2.1\bin\cmake\win\bin\cmake.exe" -E vs_link_exe --intdir=CMakeFiles\cmTC_b6250.dir --rc="C:\PROGRA~2\Windows Kits\10\bin\10.0.17763.0\x86\rc.exe" --mt="C:\PROGRA~2\Windows Kits\10\bin\10.0.17763.0\x86\mt.exe" --manifests  -- "C:\PROGRA~2\Microsoft Visual Studio\2017\BuildTools\VC\Tools\MSVC\14.16.27023\bin\Hostx86\x86\link.exe" /nologo @CMakeFiles\cmTC_b6250.dir\objects1.rsp @C:\Users\OHADEL~1\AppData\Local\Temp\nm978B.tmp
    LINK Pass 1: command "C:\PROGRA~2\Microsoft Visual Studio\2017\BuildTools\VC\Tools\MSVC\14.16.27023\bin\Hostx86\x86\link.exe /nologo @CMakeFiles\cmTC_b6250.dir\objects1.rsp /out:cmTC_b6250.exe /implib:cmTC_b6250.lib /pdb:C:\Users\ohadelyahu\Documents\???????\??????\SPL\??????\Client\cmake-build-debug\CMakeFiles\CMakeTmp\cmTC_b6250.pdb /version:0.0 /machine:X86 /debug /INCREMENTAL /subsystem:console kernel32.lib user32.lib gdi32.lib winspool.lib shell32.lib ole32.lib oleaut32.lib uuid.lib comdlg32.lib advapi32.lib /MANIFEST /MANIFESTFILE:CMakeFiles\cmTC_b6250.dir/intermediate.manifest CMakeFiles\cmTC_b6250.dir/manifest.res" failed (exit code 1201) with the following output:
    LINK : fatal error LNK1201: error writing to program database 'C:\Users\ohadelyahu\Documents\???????\??????\SPL\??????\Client\cmake-build-debug\CMakeFiles\CMakeTmp\cmTC_b6250.pdb'; check for insufficient disk space, invalid path, or insufficient privilege
    NMAKE : fatal error U1077: '"C:\Program Files\JetBrains\CLion 2019.2.1\bin\cmake\win\bin\cmake.exe"' : return code '0xffffffff'
    Stop.
    NMAKE : fatal error U1077: '"C:\Program Files (x86)\Microsoft Visual Studio\2017\BuildTools\VC\Tools\MSVC\14.16.27023\bin\HostX86\x86\nmake.exe"' : return code '0x2'
    Stop.
    

  

  CMake will not be able to correctly generate this project.
Call Stack (most recent call first):
  CMakeLists.txt:2 (project)


-- Configuring incomplete, errors occurred!
See also "C:/Users/ohadelyahu/Documents/׳�׳™׳�׳•׳“׳™׳�/׳¢׳‘׳•׳“׳•׳×/SPL/׳˜׳•׳•׳™׳˜׳¨/Client/cmake-build-debug/CMakeFiles/CMakeOutput.log".
See also "C:/Users/ohadelyahu/Documents/׳�׳™׳�׳•׳“׳™׳�/׳¢׳‘׳•׳“׳•׳×/SPL/׳˜׳•׳•׳™׳˜׳¨/Client/cmake-build-debug/CMakeFiles/CMakeError.log".
